#
# There is insufficient memory for the Java Runtime Environment to continue.
# Native memory allocation (mmap) failed to map 65536 bytes for Failed to commit metaspace.
# Possible reasons:
#   The system is out of physical RAM or swap space
#   The process is running with CompressedOops enabled, and the Java Heap may be blocking the growth of the native heap
# Possible solutions:
#   Reduce memory load on the system
#   Increase physical memory or swap space
#   Check if swap backing store is full
#   Decrease Java heap size (-Xmx/-Xms)
#   Decrease number of Java threads
#   Decrease Java thread stack sizes (-Xss)
#   Set larger code cache with -XX:ReservedCodeCacheSize=
#   JVM is running with Zero Based Compressed Oops mode in which the Java heap is
#     placed in the first 32GB address space. The Java Heap base address is the
#     maximum limit for the native heap growth. Please use -XX:HeapBaseMinAddress
#     to set the Java Heap base and to place the Java Heap above 32GB virtual address.
# This output file may be truncated or incomplete.
#
#  Out of Memory Error (virtualSpaceNode.cpp:112), pid=10140, tid=13976
#
# JRE version: Java(TM) SE Runtime Environment (21.0.1+12) (build 21.0.1+12-LTS-29)
# Java VM: Java HotSpot(TM) 64-Bit Server VM (21.0.1+12-LTS-29, mixed mode, tiered, compressed oops, compressed class ptrs, g1 gc, windows-amd64)
# No core dump will be written. Minidumps are not enabled by default on client versions of Windows
#

---------------  S U M M A R Y ------------

Command Line: -Dnet.bytebuddy.agent.attacher.dump= net.bytebuddy.agent.Attacher com.sun.tools.attach.VirtualMachine 15900 C:\Users\Hamza\.m2\repository\net\bytebuddy\byte-buddy-agent\1.14.19\byte-buddy-agent-1.14.19.jar false 

Host: Intel(R) Core(TM) i5-3320M CPU @ 2.60GHz, 4 cores, 11G,  Windows 11 , 64 bit Build 22621 (10.0.22621.3958)
Time: Sat Oct 26 22:27:29 2024 Morocco Daylight Time elapsed time: 0.630198 seconds (0d 0h 0m 0s)

---------------  T H R E A D  ---------------

Current thread (0x000001e45090a770):  JavaThread "main"             [_thread_in_vm, id=13976, stack(0x00000031b2e00000,0x00000031b2f00000) (1024K)]

Stack: [0x00000031b2e00000,0x00000031b2f00000]
Native frames: (J=compiled Java code, j=interpreted, Vv=VM code, C=native code)
V  [jvm.dll+0x6c9029]
V  [jvm.dll+0x854b81]
V  [jvm.dll+0x856e5e]
V  [jvm.dll+0x857543]
V  [jvm.dll+0x280c06]
V  [jvm.dll+0x8508ae]
V  [jvm.dll+0x66ca45]
V  [jvm.dll+0x66caaa]
V  [jvm.dll+0x66f2a6]
V  [jvm.dll+0x66f172]
V  [jvm.dll+0x66d41e]
V  [jvm.dll+0x26c581]
V  [jvm.dll+0x2184f7]
V  [jvm.dll+0x20dc4e]
V  [jvm.dll+0x5ac6dc]
V  [jvm.dll+0x21f67a]
V  [jvm.dll+0x7ccde1]
V  [jvm.dll+0x7cde45]
V  [jvm.dll+0x7ce3ef]
V  [jvm.dll+0x7ce098]
V  [jvm.dll+0x26ebdb]
V  [jvm.dll+0x3d36fe]
C  0x000001e46254a7d4

The last pc belongs to new (printed below).
Java frames: (J=compiled Java code, j=interpreted, Vv=VM code)
j  java.lang.reflect.AccessFlag.<clinit>()V+535 java.base
v  ~StubRoutines::call_stub 0x000001e46253100d
j  java.lang.module.ModuleDescriptor$Modifier.<clinit>()V+7 java.base
v  ~StubRoutines::call_stub 0x000001e46253100d
j  java.lang.module.ModuleDescriptor.<init>(Ljava/lang/String;Ljava/lang/module/ModuleDescriptor$Version;Ljava/util/Set;Ljava/util/Set;Ljava/util/Set;Ljava/util/Set;Ljava/util/Set;Ljava/util/Set;Ljava/util/Set;Ljava/lang/String;IZ)V+26 java.base
j  java.lang.module.ModuleDescriptor$1.newModuleDescriptor(Ljava/lang/String;Ljava/lang/module/ModuleDescriptor$Version;Ljava/util/Set;Ljava/util/Set;Ljava/util/Set;Ljava/util/Set;Ljava/util/Set;Ljava/util/Set;Ljava/util/Set;Ljava/lang/String;I)Ljava/lang/module/ModuleDescriptor;+24 java.base
j  jdk.internal.module.Builder.build(I)Ljava/lang/module/ModuleDescriptor;+65 java.base
j  jdk.internal.module.SystemModules$default.moduleDescriptors()[Ljava/lang/module/ModuleDescriptor;+4029 java.base
j  jdk.internal.module.SystemModuleFinders.of(Ljdk/internal/module/SystemModules;)Ljava/lang/module/ModuleFinder;+1 java.base
j  jdk.internal.module.ModuleBootstrap.boot2()Ljava/lang/ModuleLayer;+240 java.base
j  jdk.internal.module.ModuleBootstrap.boot()Ljava/lang/ModuleLayer;+64 java.base
j  java.lang.System.initPhase2(ZZ)I+0 java.base
v  ~StubRoutines::call_stub 0x000001e46253100d
new  187 new  [0x000001e46254a640, 0x000001e46254a848]  520 bytes
[MachCode]
  0x000001e46254a640: 4883 ec08 | c5fa 1104 | 24eb 1f48 | 83ec 10c5 | fb11 0424 | eb14 4883 | ec10 4889 | 0424 48c7 
  0x000001e46254a660: 4424 0800 | 0000 00eb | 0150 410f | b755 010f | cac1 ea10 | 488b 4de8 | 488b 4908 | 488b 4908 
  0x000001e46254a680: 488b 4108 | 807c 1004 | 070f 85d3 | 0000 0066 | 8b54 d148 | 488b 4928 | 488b 4cd1 | 0851 80b9 
  0x000001e46254a6a0: 2001 0000 | 050f 85b6 | 0000 008b | 5108 f6c2 | 010f 85aa | 0000 0049 | 8b87 b801 | 0000 488d 
  0x000001e46254a6c0: 1c10 493b | 9fc8 0100 | 000f 8792 | 0000 0049 | 899f b801 | 0000 4883 | ea10 0f84 | 0f00 0000 
  0x000001e46254a6e0: 33c9 c1ea | 0348 894c | d008 48ff | ca75 f648 | c700 0100 | 0000 5933 | f689 700c | 49ba 0000 
  0x000001e46254a700: 0000 0800 | 0000 492b | ca89 4808 | 49ba ca25 | 93f5 fd7f | 0000 4180 | 3a00 0f84 | 3c00 0000 
  0x000001e46254a720: 5048 8bc8 | 4883 ec20 | 40f6 c40f | 0f84 1900 | 0000 4883 | ec08 48b8 | 70eb 43f5 | fd7f 0000 
  0x000001e46254a740: ffd0 4883 | c408 e90c | 0000 0048 | b870 eb43 | f5fd 7f00 | 00ff d048 | 83c4 2058 | e9cb 0000 
  0x000001e46254a760: 0059 488b | 55e8 488b | 5208 488b | 5208 450f | b745 0141 | 0fc8 41c1 | e810 e805 | 0000 00e9 
  0x000001e46254a780: a800 0000 | 488d 4424 | 084c 896d | c049 8bcf | c5f8 7749 | 89af a803 | 0000 4989 | 8798 0300 
  0x000001e46254a7a0: 0048 83ec | 2040 f6c4 | 0f0f 8419 | 0000 0048 | 83ec 0848 | b8b0 360e | f5fd 7f00 | 00ff d048 
  0x000001e46254a7c0: 83c4 08e9 | 0c00 0000 | 48b8 b036 | 0ef5 fd7f | 0000 ffd0 | 4883 c420 | 49c7 8798 | 0300 0000 
  0x000001e46254a7e0: 0000 0049 | c787 a803 | 0000 0000 | 0000 49c7 | 87a0 0300 | 0000 0000 | 00c5 f877 | 4983 7f08 
  0x000001e46254a800: 000f 8405 | 0000 00e9 | f466 feff | 498b 87f0 | 0300 0049 | c787 f003 | 0000 0000 | 0000 4c8b 
  0x000001e46254a820: 6dc0 4c8b | 75c8 4e8d | 74f5 00c3 | 410f b65d | 0349 83c5 | 0349 ba80 | df95 f5fd | 7f00 0041 
  0x000001e46254a840: ff24 da0f | 1f44 0000 
[/MachCode]

---------------  P R O C E S S  ---------------

Threads class SMR info:
_java_thread_list=0x000001e47008e560, length=9, elements={
0x000001e45090a770, 0x000001e40415e5e0, 0x000001e40415f1a0, 0x000001e404155ad0,
0x000001e404149550, 0x000001e40414afc0, 0x000001e40414bb50, 0x000001e404178fe0,
0x000001e4041826e0
}

Java Threads: ( => current thread )
=>0x000001e45090a770 JavaThread "main"                              [_thread_in_vm, id=13976, stack(0x00000031b2e00000,0x00000031b2f00000) (1024K)]
  0x000001e40415e5e0 JavaThread "Reference Handler"          daemon [_thread_blocked, id=10468, stack(0x00000031b3600000,0x00000031b3700000) (1024K)]
  0x000001e40415f1a0 JavaThread "Finalizer"                  daemon [_thread_blocked, id=13428, stack(0x00000031b3700000,0x00000031b3800000) (1024K)]
  0x000001e404155ad0 JavaThread "Signal Dispatcher"          daemon [_thread_blocked, id=14860, stack(0x00000031b3800000,0x00000031b3900000) (1024K)]
  0x000001e404149550 JavaThread "Attach Listener"            daemon [_thread_blocked, id=15568, stack(0x00000031b3900000,0x00000031b3a00000) (1024K)]
  0x000001e40414afc0 JavaThread "Service Thread"             daemon [_thread_blocked, id=9784, stack(0x00000031b3a00000,0x00000031b3b00000) (1024K)]
  0x000001e40414bb50 JavaThread "Monitor Deflation Thread"   daemon [_thread_blocked, id=10580, stack(0x00000031b3b00000,0x00000031b3c00000) (1024K)]
  0x000001e404178fe0 JavaThread "C2 CompilerThread0"         daemon [_thread_blocked, id=7364, stack(0x00000031b3c00000,0x00000031b3d00000) (1024K)]
  0x000001e4041826e0 JavaThread "C1 CompilerThread0"         daemon [_thread_blocked, id=6064, stack(0x00000031b3d00000,0x00000031b3e00000) (1024K)]
Total: 9

Other Threads:
  0x000001e47001a090 VMThread "VM Thread"                           [id=13436, stack(0x00000031b3500000,0x00000031b3600000) (1024K)]
  0x000001e46ffcb900 WatcherThread "VM Periodic Task Thread"        [id=11428, stack(0x00000031b3400000,0x00000031b3500000) (1024K)]
  0x000001e452bfcde0 WorkerThread "GC Thread#0"                     [id=11476, stack(0x00000031b2f00000,0x00000031b3000000) (1024K)]
  0x000001e452c0a2e0 ConcurrentGCThread "G1 Main Marker"            [id=5728, stack(0x00000031b3000000,0x00000031b3100000) (1024K)]
  0x000001e452c0aea0 WorkerThread "G1 Conc#0"                       [id=18352, stack(0x00000031b3100000,0x00000031b3200000) (1024K)]
  0x000001e452c67790 ConcurrentGCThread "G1 Refine#0"               [id=14920, stack(0x00000031b3200000,0x00000031b3300000) (1024K)]
  0x000001e46fea1300 ConcurrentGCThread "G1 Service"                [id=4536, stack(0x00000031b3300000,0x00000031b3400000) (1024K)]
Total: 7

Threads with active compile tasks:
Total: 0

VM state: not at safepoint (normal execution)

VM Mutex/Monitor currently owned by a thread:  ([mutex/lock_event])
[0x00007ffdf5948578] Metaspace_lock - owner thread: 0x000001e45090a770

Heap address: 0x0000000742000000, size: 3040 MB, Compressed Oops mode: Zero based, Oop shift amount: 3

CDS archive(s) not mapped
Compressed class space mapped at: 0x0000000800000000-0x0000000840000000, reserved size: 1073741824
Narrow klass base: 0x0000000800000000, Narrow klass shift: 0, Narrow klass range: 0x40000000

GC Precious Log:
 CardTable entry size: 512
 Card Set container configuration: InlinePtr #cards 4 size 8 Array Of Cards #cards 16 size 48 Howl #buckets 8 coarsen threshold 3686 Howl Bitmap #cards 512 size 80 coarsen threshold 460 Card regions per heap region 1 cards per card region 4096
 CPUs: 4 total, 4 available
 Memory: 12155M
 Large Page Support: Disabled
 NUMA Support: Disabled
 Compressed Oops: Enabled (Zero based)
 Heap Region Size: 2M
 Heap Min Capacity: 8M
 Heap Initial Capacity: 190M
 Heap Max Capacity: 3040M
 Pre-touch: Disabled
 Parallel Workers: 4
 Concurrent Workers: 1
 Concurrent Refinement Workers: 4
 Periodic GC: Disabled

Heap:
 garbage-first heap   total 194560K, used 0K [0x0000000742000000, 0x0000000800000000)
  region size 2048K, 1 young (2048K), 0 survivors (0K)
 Metaspace       used 3587K, committed 3648K, reserved 1114112K
  class space    used 259K, committed 320K, reserved 1048576K

Heap Regions: E=young(eden), S=young(survivor), O=old, HS=humongous(starts), HC=humongous(continues), CS=collection set, F=free, TAMS=top-at-mark-start, PB=parsable bottom
|   0|0x0000000742000000, 0x0000000742000000, 0x0000000742200000|  0%| F|  |TAMS 0x0000000742000000| PB 0x0000000742000000| Untracked 
|   1|0x0000000742200000, 0x0000000742200000, 0x0000000742400000|  0%| F|  |TAMS 0x0000000742200000| PB 0x0000000742200000| Untracked 
|   2|0x0000000742400000, 0x0000000742400000, 0x0000000742600000|  0%| F|  |TAMS 0x0000000742400000| PB 0x0000000742400000| Untracked 
|   3|0x0000000742600000, 0x0000000742600000, 0x0000000742800000|  0%| F|  |TAMS 0x0000000742600000| PB 0x0000000742600000| Untracked 
|   4|0x0000000742800000, 0x0000000742800000, 0x0000000742a00000|  0%| F|  |TAMS 0x0000000742800000| PB 0x0000000742800000| Untracked 
|   5|0x0000000742a00000, 0x0000000742a00000, 0x0000000742c00000|  0%| F|  |TAMS 0x0000000742a00000| PB 0x0000000742a00000| Untracked 
|   6|0x0000000742c00000, 0x0000000742c00000, 0x0000000742e00000|  0%| F|  |TAMS 0x0000000742c00000| PB 0x0000000742c00000| Untracked 
|   7|0x0000000742e00000, 0x0000000742e00000, 0x0000000743000000|  0%| F|  |TAMS 0x0000000742e00000| PB 0x0000000742e00000| Untracked 
|   8|0x0000000743000000, 0x0000000743000000, 0x0000000743200000|  0%| F|  |TAMS 0x0000000743000000| PB 0x0000000743000000| Untracked 
|   9|0x0000000743200000, 0x0000000743200000, 0x0000000743400000|  0%| F|  |TAMS 0x0000000743200000| PB 0x0000000743200000| Untracked 
|  10|0x0000000743400000, 0x0000000743400000, 0x0000000743600000|  0%| F|  |TAMS 0x0000000743400000| PB 0x0000000743400000| Untracked 
|  11|0x0000000743600000, 0x0000000743600000, 0x0000000743800000|  0%| F|  |TAMS 0x0000000743600000| PB 0x0000000743600000| Untracked 
|  12|0x0000000743800000, 0x0000000743800000, 0x0000000743a00000|  0%| F|  |TAMS 0x0000000743800000| PB 0x0000000743800000| Untracked 
|  13|0x0000000743a00000, 0x0000000743a00000, 0x0000000743c00000|  0%| F|  |TAMS 0x0000000743a00000| PB 0x0000000743a00000| Untracked 
|  14|0x0000000743c00000, 0x0000000743c00000, 0x0000000743e00000|  0%| F|  |TAMS 0x0000000743c00000| PB 0x0000000743c00000| Untracked 
|  15|0x0000000743e00000, 0x0000000743e00000, 0x0000000744000000|  0%| F|  |TAMS 0x0000000743e00000| PB 0x0000000743e00000| Untracked 
|  16|0x0000000744000000, 0x0000000744000000, 0x0000000744200000|  0%| F|  |TAMS 0x0000000744000000| PB 0x0000000744000000| Untracked 
|  17|0x0000000744200000, 0x0000000744200000, 0x0000000744400000|  0%| F|  |TAMS 0x0000000744200000| PB 0x0000000744200000| Untracked 
|  18|0x0000000744400000, 0x0000000744400000, 0x0000000744600000|  0%| F|  |TAMS 0x0000000744400000| PB 0x0000000744400000| Untracked 
|  19|0x0000000744600000, 0x0000000744600000, 0x0000000744800000|  0%| F|  |TAMS 0x0000000744600000| PB 0x0000000744600000| Untracked 
|  20|0x0000000744800000, 0x0000000744800000, 0x0000000744a00000|  0%| F|  |TAMS 0x0000000744800000| PB 0x0000000744800000| Untracked 
|  21|0x0000000744a00000, 0x0000000744a00000, 0x0000000744c00000|  0%| F|  |TAMS 0x0000000744a00000| PB 0x0000000744a00000| Untracked 
|  22|0x0000000744c00000, 0x0000000744c00000, 0x0000000744e00000|  0%| F|  |TAMS 0x0000000744c00000| PB 0x0000000744c00000| Untracked 
|  23|0x0000000744e00000, 0x0000000744e00000, 0x0000000745000000|  0%| F|  |TAMS 0x0000000744e00000| PB 0x0000000744e00000| Untracked 
|  24|0x0000000745000000, 0x0000000745000000, 0x0000000745200000|  0%| F|  |TAMS 0x0000000745000000| PB 0x0000000745000000| Untracked 
|  25|0x0000000745200000, 0x0000000745200000, 0x0000000745400000|  0%| F|  |TAMS 0x0000000745200000| PB 0x0000000745200000| Untracked 
|  26|0x0000000745400000, 0x0000000745400000, 0x0000000745600000|  0%| F|  |TAMS 0x0000000745400000| PB 0x0000000745400000| Untracked 
|  27|0x0000000745600000, 0x0000000745600000, 0x0000000745800000|  0%| F|  |TAMS 0x0000000745600000| PB 0x0000000745600000| Untracked 
|  28|0x0000000745800000, 0x0000000745800000, 0x0000000745a00000|  0%| F|  |TAMS 0x0000000745800000| PB 0x0000000745800000| Untracked 
|  29|0x0000000745a00000, 0x0000000745a00000, 0x0000000745c00000|  0%| F|  |TAMS 0x0000000745a00000| PB 0x0000000745a00000| Untracked 
|  30|0x0000000745c00000, 0x0000000745c00000, 0x0000000745e00000|  0%| F|  |TAMS 0x0000000745c00000| PB 0x0000000745c00000| Untracked 
|  31|0x0000000745e00000, 0x0000000745e00000, 0x0000000746000000|  0%| F|  |TAMS 0x0000000745e00000| PB 0x0000000745e00000| Untracked 
|  32|0x0000000746000000, 0x0000000746000000, 0x0000000746200000|  0%| F|  |TAMS 0x0000000746000000| PB 0x0000000746000000| Untracked 
|  33|0x0000000746200000, 0x0000000746200000, 0x0000000746400000|  0%| F|  |TAMS 0x0000000746200000| PB 0x0000000746200000| Untracked 
|  34|0x0000000746400000, 0x0000000746400000, 0x0000000746600000|  0%| F|  |TAMS 0x0000000746400000| PB 0x0000000746400000| Untracked 
|  35|0x0000000746600000, 0x0000000746600000, 0x0000000746800000|  0%| F|  |TAMS 0x0000000746600000| PB 0x0000000746600000| Untracked 
|  36|0x0000000746800000, 0x0000000746800000, 0x0000000746a00000|  0%| F|  |TAMS 0x0000000746800000| PB 0x0000000746800000| Untracked 
|  37|0x0000000746a00000, 0x0000000746a00000, 0x0000000746c00000|  0%| F|  |TAMS 0x0000000746a00000| PB 0x0000000746a00000| Untracked 
|  38|0x0000000746c00000, 0x0000000746c00000, 0x0000000746e00000|  0%| F|  |TAMS 0x0000000746c00000| PB 0x0000000746c00000| Untracked 
|  39|0x0000000746e00000, 0x0000000746e00000, 0x0000000747000000|  0%| F|  |TAMS 0x0000000746e00000| PB 0x0000000746e00000| Untracked 
|  40|0x0000000747000000, 0x0000000747000000, 0x0000000747200000|  0%| F|  |TAMS 0x0000000747000000| PB 0x0000000747000000| Untracked 
|  41|0x0000000747200000, 0x0000000747200000, 0x0000000747400000|  0%| F|  |TAMS 0x0000000747200000| PB 0x0000000747200000| Untracked 
|  42|0x0000000747400000, 0x0000000747400000, 0x0000000747600000|  0%| F|  |TAMS 0x0000000747400000| PB 0x0000000747400000| Untracked 
|  43|0x0000000747600000, 0x0000000747600000, 0x0000000747800000|  0%| F|  |TAMS 0x0000000747600000| PB 0x0000000747600000| Untracked 
|  44|0x0000000747800000, 0x0000000747800000, 0x0000000747a00000|  0%| F|  |TAMS 0x0000000747800000| PB 0x0000000747800000| Untracked 
|  45|0x0000000747a00000, 0x0000000747a00000, 0x0000000747c00000|  0%| F|  |TAMS 0x0000000747a00000| PB 0x0000000747a00000| Untracked 
|  46|0x0000000747c00000, 0x0000000747c00000, 0x0000000747e00000|  0%| F|  |TAMS 0x0000000747c00000| PB 0x0000000747c00000| Untracked 
|  47|0x0000000747e00000, 0x0000000747e00000, 0x0000000748000000|  0%| F|  |TAMS 0x0000000747e00000| PB 0x0000000747e00000| Untracked 
|  48|0x0000000748000000, 0x0000000748000000, 0x0000000748200000|  0%| F|  |TAMS 0x0000000748000000| PB 0x0000000748000000| Untracked 
|  49|0x0000000748200000, 0x0000000748200000, 0x0000000748400000|  0%| F|  |TAMS 0x0000000748200000| PB 0x0000000748200000| Untracked 
|  50|0x0000000748400000, 0x0000000748400000, 0x0000000748600000|  0%| F|  |TAMS 0x0000000748400000| PB 0x0000000748400000| Untracked 
|  51|0x0000000748600000, 0x0000000748600000, 0x0000000748800000|  0%| F|  |TAMS 0x0000000748600000| PB 0x0000000748600000| Untracked 
|  52|0x0000000748800000, 0x0000000748800000, 0x0000000748a00000|  0%| F|  |TAMS 0x0000000748800000| PB 0x0000000748800000| Untracked 
|  53|0x0000000748a00000, 0x0000000748a00000, 0x0000000748c00000|  0%| F|  |TAMS 0x0000000748a00000| PB 0x0000000748a00000| Untracked 
|  54|0x0000000748c00000, 0x0000000748c00000, 0x0000000748e00000|  0%| F|  |TAMS 0x0000000748c00000| PB 0x0000000748c00000| Untracked 
|  55|0x0000000748e00000, 0x0000000748e00000, 0x0000000749000000|  0%| F|  |TAMS 0x0000000748e00000| PB 0x0000000748e00000| Untracked 
|  56|0x0000000749000000, 0x0000000749000000, 0x0000000749200000|  0%| F|  |TAMS 0x0000000749000000| PB 0x0000000749000000| Untracked 
|  57|0x0000000749200000, 0x0000000749200000, 0x0000000749400000|  0%| F|  |TAMS 0x0000000749200000| PB 0x0000000749200000| Untracked 
|  58|0x0000000749400000, 0x0000000749400000, 0x0000000749600000|  0%| F|  |TAMS 0x0000000749400000| PB 0x0000000749400000| Untracked 
|  59|0x0000000749600000, 0x0000000749600000, 0x0000000749800000|  0%| F|  |TAMS 0x0000000749600000| PB 0x0000000749600000| Untracked 
|  60|0x0000000749800000, 0x0000000749800000, 0x0000000749a00000|  0%| F|  |TAMS 0x0000000749800000| PB 0x0000000749800000| Untracked 
|  61|0x0000000749a00000, 0x0000000749a00000, 0x0000000749c00000|  0%| F|  |TAMS 0x0000000749a00000| PB 0x0000000749a00000| Untracked 
|  62|0x0000000749c00000, 0x0000000749c00000, 0x0000000749e00000|  0%| F|  |TAMS 0x0000000749c00000| PB 0x0000000749c00000| Untracked 
|  63|0x0000000749e00000, 0x0000000749e00000, 0x000000074a000000|  0%| F|  |TAMS 0x0000000749e00000| PB 0x0000000749e00000| Untracked 
|  64|0x000000074a000000, 0x000000074a000000, 0x000000074a200000|  0%| F|  |TAMS 0x000000074a000000| PB 0x000000074a000000| Untracked 
|  65|0x000000074a200000, 0x000000074a200000, 0x000000074a400000|  0%| F|  |TAMS 0x000000074a200000| PB 0x000000074a200000| Untracked 
|  66|0x000000074a400000, 0x000000074a400000, 0x000000074a600000|  0%| F|  |TAMS 0x000000074a400000| PB 0x000000074a400000| Untracked 
|  67|0x000000074a600000, 0x000000074a600000, 0x000000074a800000|  0%| F|  |TAMS 0x000000074a600000| PB 0x000000074a600000| Untracked 
|  68|0x000000074a800000, 0x000000074a800000, 0x000000074aa00000|  0%| F|  |TAMS 0x000000074a800000| PB 0x000000074a800000| Untracked 
|  69|0x000000074aa00000, 0x000000074aa00000, 0x000000074ac00000|  0%| F|  |TAMS 0x000000074aa00000| PB 0x000000074aa00000| Untracked 
|  70|0x000000074ac00000, 0x000000074ac00000, 0x000000074ae00000|  0%| F|  |TAMS 0x000000074ac00000| PB 0x000000074ac00000| Untracked 
|  71|0x000000074ae00000, 0x000000074ae00000, 0x000000074b000000|  0%| F|  |TAMS 0x000000074ae00000| PB 0x000000074ae00000| Untracked 
|  72|0x000000074b000000, 0x000000074b000000, 0x000000074b200000|  0%| F|  |TAMS 0x000000074b000000| PB 0x000000074b000000| Untracked 
|  73|0x000000074b200000, 0x000000074b200000, 0x000000074b400000|  0%| F|  |TAMS 0x000000074b200000| PB 0x000000074b200000| Untracked 
|  74|0x000000074b400000, 0x000000074b400000, 0x000000074b600000|  0%| F|  |TAMS 0x000000074b400000| PB 0x000000074b400000| Untracked 
|  75|0x000000074b600000, 0x000000074b600000, 0x000000074b800000|  0%| F|  |TAMS 0x000000074b600000| PB 0x000000074b600000| Untracked 
|  76|0x000000074b800000, 0x000000074b800000, 0x000000074ba00000|  0%| F|  |TAMS 0x000000074b800000| PB 0x000000074b800000| Untracked 
|  77|0x000000074ba00000, 0x000000074ba00000, 0x000000074bc00000|  0%| F|  |TAMS 0x000000074ba00000| PB 0x000000074ba00000| Untracked 
|  78|0x000000074bc00000, 0x000000074bc00000, 0x000000074be00000|  0%| F|  |TAMS 0x000000074bc00000| PB 0x000000074bc00000| Untracked 
|  79|0x000000074be00000, 0x000000074be00000, 0x000000074c000000|  0%| F|  |TAMS 0x000000074be00000| PB 0x000000074be00000| Untracked 
|  80|0x000000074c000000, 0x000000074c000000, 0x000000074c200000|  0%| F|  |TAMS 0x000000074c000000| PB 0x000000074c000000| Untracked 
|  81|0x000000074c200000, 0x000000074c200000, 0x000000074c400000|  0%| F|  |TAMS 0x000000074c200000| PB 0x000000074c200000| Untracked 
|  82|0x000000074c400000, 0x000000074c400000, 0x000000074c600000|  0%| F|  |TAMS 0x000000074c400000| PB 0x000000074c400000| Untracked 
|  83|0x000000074c600000, 0x000000074c600000, 0x000000074c800000|  0%| F|  |TAMS 0x000000074c600000| PB 0x000000074c600000| Untracked 
|  84|0x000000074c800000, 0x000000074c800000, 0x000000074ca00000|  0%| F|  |TAMS 0x000000074c800000| PB 0x000000074c800000| Untracked 
|  85|0x000000074ca00000, 0x000000074ca00000, 0x000000074cc00000|  0%| F|  |TAMS 0x000000074ca00000| PB 0x000000074ca00000| Untracked 
|  86|0x000000074cc00000, 0x000000074cc00000, 0x000000074ce00000|  0%| F|  |TAMS 0x000000074cc00000| PB 0x000000074cc00000| Untracked 
|  87|0x000000074ce00000, 0x000000074ce00000, 0x000000074d000000|  0%| F|  |TAMS 0x000000074ce00000| PB 0x000000074ce00000| Untracked 
|  88|0x000000074d000000, 0x000000074d000000, 0x000000074d200000|  0%| F|  |TAMS 0x000000074d000000| PB 0x000000074d000000| Untracked 
|  89|0x000000074d200000, 0x000000074d200000, 0x000000074d400000|  0%| F|  |TAMS 0x000000074d200000| PB 0x000000074d200000| Untracked 
|  90|0x000000074d400000, 0x000000074d400000, 0x000000074d600000|  0%| F|  |TAMS 0x000000074d400000| PB 0x000000074d400000| Untracked 
|  91|0x000000074d600000, 0x000000074d600000, 0x000000074d800000|  0%| F|  |TAMS 0x000000074d600000| PB 0x000000074d600000| Untracked 
|  92|0x000000074d800000, 0x000000074d800000, 0x000000074da00000|  0%| F|  |TAMS 0x000000074d800000| PB 0x000000074d800000| Untracked 
|  93|0x000000074da00000, 0x000000074da00000, 0x000000074dc00000|  0%| F|  |TAMS 0x000000074da00000| PB 0x000000074da00000| Untracked 
|  94|0x000000074dc00000, 0x000000074dcf5d98, 0x000000074de00000| 48%| E|  |TAMS 0x000000074dc00000| PB 0x000000074dc00000| Complete 

Card table byte_map: [0x000001e46a5f0000,0x000001e46abe0000] _byte_map_base: 0x000001e466be0000

Marking Bits: (CMBitMap*) 0x000001e452bfd3f0
 Bits: [0x000001e46abe0000, 0x000001e46db60000)

Polling page: 0x000001e450b00000

Metaspace:

Usage:
  Non-class:      3.25 MB used.
      Class:    259.99 KB used.
       Both:      3.50 MB used.

Virtual space:
  Non-class space:       64.00 MB reserved,       3.25 MB (  5%) committed,  1 nodes.
      Class space:        1.00 GB reserved,     320.00 KB ( <1%) committed,  1 nodes.
             Both:        1.06 GB reserved,       3.56 MB ( <1%) committed. 

Chunk freelists:
   Non-Class:  12.00 MB
       Class:  15.62 MB
        Both:  27.62 MB

MaxMetaspaceSize: unlimited
CompressedClassSpaceSize: 1.00 GB
Initial GC threshold: 21.00 MB
Current GC threshold: 21.00 MB
CDS: off
 - commit_granule_bytes: 65536.
 - commit_granule_words: 8192.
 - virtual_space_node_default_size: 8388608.
 - enlarge_chunks_in_place: 1.
 - use_allocation_guard: 0.


Internal statistics:

num_allocs_failed_limit: 0.
num_arena_births: 2.
num_arena_deaths: 0.
num_vsnodes_births: 2.
num_vsnodes_deaths: 0.
num_space_committed: 57.
num_space_uncommitted: 0.
num_chunks_returned_to_freelist: 0.
num_chunks_taken_from_freelist: 4.
num_chunk_merges: 0.
num_chunk_splits: 2.
num_chunks_enlarged: 0.
num_inconsistent_stats: 0.

CodeHeap 'non-profiled nmethods': size=120000Kb used=0Kb max_used=0Kb free=120000Kb
 bounds [0x000001e462ad0000, 0x000001e462d40000, 0x000001e46a000000]
CodeHeap 'profiled nmethods': size=120000Kb used=21Kb max_used=21Kb free=119978Kb
 bounds [0x000001e45b000000, 0x000001e45b270000, 0x000001e462530000]
CodeHeap 'non-nmethods': size=5760Kb used=1150Kb max_used=1150Kb free=4609Kb
 bounds [0x000001e462530000, 0x000001e4627a0000, 0x000001e462ad0000]
 total_blobs=301 nmethods=12 adapters=195
 compilation: enabled
              stopped_count=0, restarted_count=0
 full_count=0

Compilation events (20 events):
Event: 0.560 Thread 0x000001e4041826e0    2       3       java.lang.String::charAt (25 bytes)
Event: 0.561 Thread 0x000001e4041826e0 nmethod 2 0x000001e45b000790 code [0x000001e45b000980, 0x000001e45b000ee0]
Event: 0.562 Thread 0x000001e4041826e0    3       3       java.lang.StringLatin1::charAt (15 bytes)
Event: 0.562 Thread 0x000001e4041826e0 nmethod 3 0x000001e45b001110 code [0x000001e45b0012c0, 0x000001e45b001490]
Event: 0.601 Thread 0x000001e4041826e0    5       3       java.lang.String::hashCode (60 bytes)
Event: 0.602 Thread 0x000001e4041826e0 nmethod 5 0x000001e45b001590 code [0x000001e45b001760, 0x000001e45b001ae0]
Event: 0.602 Thread 0x000001e4041826e0    6       3       jdk.internal.util.ArraysSupport::signedHashCode (37 bytes)
Event: 0.603 Thread 0x000001e4041826e0 nmethod 6 0x000001e45b001c10 code [0x000001e45b001dc0, 0x000001e45b001f98]
Event: 0.604 Thread 0x000001e4041826e0    7       3       jdk.internal.util.ArraysSupport::vectorizedHashCode (158 bytes)
Event: 0.606 Thread 0x000001e4041826e0 nmethod 7 0x000001e45b002090 code [0x000001e45b0023a0, 0x000001e45b0033d8]
Event: 0.606 Thread 0x000001e4041826e0    8       3       java.lang.StringLatin1::hashCode (52 bytes)
Event: 0.606 Thread 0x000001e4041826e0 nmethod 8 0x000001e45b003790 code [0x000001e45b003960, 0x000001e45b003b98]
Event: 0.606 Thread 0x000001e4041826e0    9       3       java.lang.Math::floorMod (20 bytes)
Event: 0.607 Thread 0x000001e4041826e0 nmethod 9 0x000001e45b003c90 code [0x000001e45b003e40, 0x000001e45b004000]
Event: 0.608 Thread 0x000001e4041826e0   10       3       java.util.ImmutableCollections$SetN::probe (56 bytes)
Event: 0.609 Thread 0x000001e4041826e0 nmethod 10 0x000001e45b004090 code [0x000001e45b004280, 0x000001e45b0047f8]
Event: 0.609 Thread 0x000001e4041826e0   12       3       java.lang.StringLatin1::equals (36 bytes)
Event: 0.609 Thread 0x000001e4041826e0 nmethod 12 0x000001e45b004a10 code [0x000001e45b004bc0, 0x000001e45b004e68]
Event: 0.609 Thread 0x000001e4041826e0   11       3       java.lang.String::equals (56 bytes)
Event: 0.610 Thread 0x000001e4041826e0 nmethod 11 0x000001e45b004f90 code [0x000001e45b005160, 0x000001e45b0055e8]

GC Heap History (0 events):
No events

Dll operation events (2 events):
Event: 0.017 Loaded shared library C:\Program Files\Java\jdk-21\bin\java.dll
Event: 0.479 Loaded shared library C:\Program Files\Java\jdk-21\bin\jsvml.dll

Deoptimization events (0 events):
No events

Classes loaded (20 events):
Event: 0.615 Loading class java/lang/reflect/AccessFlag$6 done
Event: 0.615 Loading class java/lang/reflect/AccessFlag$7
Event: 0.615 Loading class java/lang/reflect/AccessFlag$7 done
Event: 0.616 Loading class java/lang/reflect/AccessFlag$8
Event: 0.616 Loading class java/lang/reflect/AccessFlag$8 done
Event: 0.616 Loading class java/lang/reflect/AccessFlag$9
Event: 0.616 Loading class java/lang/reflect/AccessFlag$9 done
Event: 0.616 Loading class java/lang/reflect/AccessFlag$10
Event: 0.616 Loading class java/lang/reflect/AccessFlag$10 done
Event: 0.616 Loading class java/lang/reflect/AccessFlag$11
Event: 0.616 Loading class java/lang/reflect/AccessFlag$11 done
Event: 0.616 Loading class java/lang/reflect/AccessFlag$12
Event: 0.620 Loading class java/lang/reflect/AccessFlag$12 done
Event: 0.620 Loading class java/lang/reflect/AccessFlag$13
Event: 0.620 Loading class java/lang/reflect/AccessFlag$13 done
Event: 0.620 Loading class java/lang/reflect/AccessFlag$14
Event: 0.620 Loading class java/lang/reflect/AccessFlag$14 done
Event: 0.620 Loading class java/lang/reflect/AccessFlag$15
Event: 0.620 Loading class java/lang/reflect/AccessFlag$15 done
Event: 0.621 Loading class java/lang/reflect/AccessFlag$16

Classes unloaded (0 events):
No events

Classes redefined (0 events):
No events

Internal exceptions (0 events):
No events

ZGC Phase Switch (0 events):
No events

VM Operations (0 events):
No events

Events (9 events):
Event: 0.032 Thread 0x000001e45090a770 Thread added: 0x000001e45090a770
Event: 0.461 Thread 0x000001e40415e5e0 Thread added: 0x000001e40415e5e0
Event: 0.462 Thread 0x000001e40415f1a0 Thread added: 0x000001e40415f1a0
Event: 0.471 Thread 0x000001e404155ad0 Thread added: 0x000001e404155ad0
Event: 0.471 Thread 0x000001e404149550 Thread added: 0x000001e404149550
Event: 0.471 Thread 0x000001e40414afc0 Thread added: 0x000001e40414afc0
Event: 0.472 Thread 0x000001e40414bb50 Thread added: 0x000001e40414bb50
Event: 0.472 Thread 0x000001e404178fe0 Thread added: 0x000001e404178fe0
Event: 0.473 Thread 0x000001e4041826e0 Thread added: 0x000001e4041826e0


Dynamic libraries:
0x00007ff717650000 - 0x00007ff717660000 	C:\Program Files\Java\jdk-21\bin\java.exe
0x00007ffe3eeb0000 - 0x00007ffe3f0c7000 	C:\Windows\SYSTEM32\ntdll.dll
0x00007ffe3dec0000 - 0x00007ffe3df84000 	C:\Windows\System32\KERNEL32.DLL
0x00007ffe3c260000 - 0x00007ffe3c617000 	C:\Windows\System32\KERNELBASE.dll
0x00007ffe3c620000 - 0x00007ffe3c731000 	C:\Windows\System32\ucrtbase.dll
0x00007ffe35020000 - 0x00007ffe3503b000 	C:\Program Files\Java\jdk-21\bin\VCRUNTIME140.dll
0x00007ffe2ecc0000 - 0x00007ffe2ecd9000 	C:\Program Files\Java\jdk-21\bin\jli.dll
0x00007ffe3e4e0000 - 0x00007ffe3e592000 	C:\Windows\System32\ADVAPI32.dll
0x00007ffe3df90000 - 0x00007ffe3e037000 	C:\Windows\System32\msvcrt.dll
0x00007ffe3d260000 - 0x00007ffe3d308000 	C:\Windows\System32\sechost.dll
0x00007ffe3ca80000 - 0x00007ffe3caa8000 	C:\Windows\System32\bcrypt.dll
0x00007ffe3e3c0000 - 0x00007ffe3e4d4000 	C:\Windows\System32\RPCRT4.dll
0x00007ffe3dc00000 - 0x00007ffe3ddaf000 	C:\Windows\System32\USER32.dll
0x00007ffe3ca50000 - 0x00007ffe3ca76000 	C:\Windows\System32\win32u.dll
0x00007ffe3e5d0000 - 0x00007ffe3e5f9000 	C:\Windows\System32\GDI32.dll
0x00007ffe3c930000 - 0x00007ffe3ca48000 	C:\Windows\System32\gdi32full.dll
0x00007ffe28bf0000 - 0x00007ffe28e83000 	C:\Windows\WinSxS\amd64_microsoft.windows.common-controls_6595b64144ccf1df_6.0.22621.3672_none_2713b9d173822955\COMCTL32.dll
0x00007ffe3c1c0000 - 0x00007ffe3c25a000 	C:\Windows\System32\msvcp_win.dll
0x00007ffe314b0000 - 0x00007ffe314ba000 	C:\Windows\SYSTEM32\VERSION.dll
0x00007ffe3e0a0000 - 0x00007ffe3e0d1000 	C:\Windows\System32\IMM32.DLL
0x00007ffe34d10000 - 0x00007ffe34d1c000 	C:\Program Files\Java\jdk-21\bin\vcruntime140_1.dll
0x00007ffe15b20000 - 0x00007ffe15bae000 	C:\Program Files\Java\jdk-21\bin\msvcp140.dll
0x00007ffdf4d10000 - 0x00007ffdf5a25000 	C:\Program Files\Java\jdk-21\bin\server\jvm.dll
0x00007ffe3d320000 - 0x00007ffe3d391000 	C:\Windows\System32\WS2_32.dll
0x00007ffe3ba20000 - 0x00007ffe3ba6d000 	C:\Windows\SYSTEM32\POWRPROF.dll
0x00007ffe34e20000 - 0x00007ffe34e54000 	C:\Windows\SYSTEM32\WINMM.dll
0x00007ffe3b9f0000 - 0x00007ffe3ba03000 	C:\Windows\SYSTEM32\UMPDC.dll
0x00007ffe3b1d0000 - 0x00007ffe3b1e8000 	C:\Windows\SYSTEM32\kernel.appcore.dll
0x00007ffe30220000 - 0x00007ffe3022a000 	C:\Program Files\Java\jdk-21\bin\jimage.dll
0x00007ffe1acc0000 - 0x00007ffe1aef2000 	C:\Windows\SYSTEM32\DBGHELP.DLL
0x00007ffe3d870000 - 0x00007ffe3dbfe000 	C:\Windows\System32\combase.dll
0x00007ffe3d180000 - 0x00007ffe3d257000 	C:\Windows\System32\OLEAUT32.dll
0x00007ffe2a330000 - 0x00007ffe2a362000 	C:\Windows\SYSTEM32\dbgcore.DLL
0x00007ffe3c8b0000 - 0x00007ffe3c92b000 	C:\Windows\System32\bcryptPrimitives.dll
0x00007ffe2cbe0000 - 0x00007ffe2cbff000 	C:\Program Files\Java\jdk-21\bin\java.dll
0x00007ffe3e600000 - 0x00007ffe3ee69000 	C:\Windows\System32\SHELL32.dll
0x00007ffe3a0e0000 - 0x00007ffe3a9df000 	C:\Windows\SYSTEM32\windows.storage.dll
0x00007ffe39fa0000 - 0x00007ffe3a0df000 	C:\Windows\SYSTEM32\wintypes.dll
0x00007ffe3e2c0000 - 0x00007ffe3e3b9000 	C:\Windows\System32\SHCORE.dll
0x00007ffe3d660000 - 0x00007ffe3d6be000 	C:\Windows\System32\shlwapi.dll
0x00007ffe3c0f0000 - 0x00007ffe3c117000 	C:\Windows\SYSTEM32\profapi.dll
0x00007ffe12e80000 - 0x00007ffe12f57000 	C:\Program Files\Java\jdk-21\bin\jsvml.dll

dbghelp: loaded successfully - version: 4.0.5 - missing functions: none
symbol engine: initialized successfully - sym options: 0x614 - pdb path: .;C:\Program Files\Java\jdk-21\bin;C:\Windows\SYSTEM32;C:\Windows\WinSxS\amd64_microsoft.windows.common-controls_6595b64144ccf1df_6.0.22621.3672_none_2713b9d173822955;C:\Program Files\Java\jdk-21\bin\server

VM Arguments:
jvm_args: -Dnet.bytebuddy.agent.attacher.dump= 
java_command: net.bytebuddy.agent.Attacher com.sun.tools.attach.VirtualMachine 15900 C:\Users\Hamza\.m2\repository\net\bytebuddy\byte-buddy-agent\1.14.19\byte-buddy-agent-1.14.19.jar false 
java_class_path (initial): C:\Users\Hamza\.m2\repository\net\bytebuddy\byte-buddy-agent\1.14.19\byte-buddy-agent-1.14.19.jar
Launcher Type: SUN_STANDARD

[Global flags]
     intx CICompilerCount                          = 3                                         {product} {ergonomic}
     uint ConcGCThreads                            = 1                                         {product} {ergonomic}
     uint G1ConcRefinementThreads                  = 4                                         {product} {ergonomic}
   size_t G1HeapRegionSize                         = 2097152                                   {product} {ergonomic}
    uintx GCDrainStackTargetSize                   = 64                                        {product} {ergonomic}
   size_t InitialHeapSize                          = 199229440                                 {product} {ergonomic}
   size_t MarkStackSize                            = 4194304                                   {product} {ergonomic}
   size_t MaxHeapSize                              = 3187671040                                {product} {ergonomic}
   size_t MaxNewSize                               = 1912602624                                {product} {ergonomic}
   size_t MinHeapDeltaBytes                        = 2097152                                   {product} {ergonomic}
   size_t MinHeapSize                              = 8388608                                   {product} {ergonomic}
    uintx NonNMethodCodeHeapSize                   = 5832780                                {pd product} {ergonomic}
    uintx NonProfiledCodeHeapSize                  = 122912730                              {pd product} {ergonomic}
    uintx ProfiledCodeHeapSize                     = 122912730                              {pd product} {ergonomic}
    uintx ReservedCodeCacheSize                    = 251658240                              {pd product} {ergonomic}
     bool SegmentedCodeCache                       = true                                      {product} {ergonomic}
   size_t SoftMaxHeapSize                          = 3187671040                             {manageable} {ergonomic}
     bool UseCompressedOops                        = true                           {product lp64_product} {ergonomic}
     bool UseG1GC                                  = true                                      {product} {ergonomic}
     bool UseLargePagesIndividualAllocation        = false                                  {pd product} {ergonomic}

Logging:
Log output configuration:
 #0: stdout all=warning uptime,level,tags foldmultilines=false
 #1: stderr all=off uptime,level,tags foldmultilines=false

Environment Variables:
CLASSPATH=C:\antlr4-4.13.1\jar
PATH=C:\Python312\Scripts\;C:\Python312\;c:\Users\Hamza\AppData\Local\Programs\cursor\resources\app\bin;C:\Oracle19\WINDOWS.X64_193000_db_home\bin;C:\Program Files\Common Files\Oracle\Java\javapath;C:\Program Files (x86)\Common Files\Oracle\Java\javapath;C:\Windows\system32;C:\Windows;C:\Windows\System32\Wbem;C:\Windows\System32\WindowsPowerShell\v1.0\;C:\Windows\System32\OpenSSH\;C:\ProgramData\chocolatey\bin;C:\Batch\bin;C:\Program Files\dotnet\;C:\Users\Hamza\Desktop\g4\SGBD\bin;C:\Program Files (x86)\Windows Kits\10\Windows Performance Toolkit\;C:\Program Files\PuTTY\;C:\Program Files\Docker\Docker\resources\bin;C:\Program Files\Kubernetes\Minikube;C:\Maven\apache-maven-3.9.6\apache-maven-3.9.6\bin;C:\Program Files\Git\cmd;C:\Program Files\Pandoc\;C:\Program Files\GitHub CLI\;C:\Users\Hamza\AppData\Local\Microsoft\WindowsApps;C:\Users\Hamza\AppData\Roaming\npm;C:\MinGW\bin;C:\Program Files\JetBrains\IntelliJ IDEA 2023.2.3\bin;C:\Batch\bin;C:\Program Files\JetBrains\IntelliJ IDEA Commu;C:\Users\Hamza\AppData\Local\Pub\Cache\bin;C:\xampp\php;C:\composer;C:\Users\Hamza\AppData\Roaming\nvm;C:\Program Files\nodejs;C:\Users\Hamza\AppData\Local\Microsoft\WindowsApps;C:\Users\Hamza\AppData\Local\Programs\Microsoft VS Code\bin;C:\MinGW\bin;C:\Program Files\JetBrains\IntelliJ IDEA 2023.2.3\bin;;C:\Batch\bin;C:\Program Files\JetBrains\IntelliJ IDEA Community Edition 2023.2.4\bin;;C:\antlr4-4.13.1;C:\Users\Hamza\Desktop\g4\SGBD\bin;C:\flutter\bin;C:\Users\Hamza\AppData\Local\Microsoft\WinGet\Links;C:\Users\Hamza\AppData\Local\Pub\Cache\bin;C:\Users\Hamza\AppData\Roaming\Composer\vendor\bin;C:\Users\Hamza\AppData\Roaming\npm;C:\Users\Hamza\AppData\Roaming\nvm;C:\Program Files\nodejs
USERNAME=Hamza
OS=Windows_NT
PROCESSOR_IDENTIFIER=Intel64 Family 6 Model 58 Stepping 9, GenuineIntel
TMP=C:\Users\Hamza\AppData\Local\Temp
TEMP=C:\Users\Hamza\AppData\Local\Temp




Periodic native trim disabled

---------------  S Y S T E M  ---------------

OS:
 Windows 11 , 64 bit Build 22621 (10.0.22621.3958)
OS uptime: 10 days 14:54 hours
Hyper-V role detected

CPU: total 4 (initial active 4) (2 cores per cpu, 2 threads per core) family 6 model 58 stepping 9 microcode 0x21, cx8, cmov, fxsr, ht, mmx, sse, sse2, sse3, ssse3, sse4.1, sse4.2, popcnt, tsc, tscinvbit, avx, aes, erms, clmul, vzeroupper, clflush, hv, rdtscp, f16c
Processor Information for all 4 processors :
  Max Mhz: 2601, Current Mhz: 1200, Mhz Limit: 2574

Memory: 4k page, system-wide physical 12155M (1273M free)
TotalPageFile size 49019M (AvailPageFile size 4M)
current process WorkingSet (physical memory assigned to process): 25M, peak: 25M
current process commit charge ("private bytes"): 253M, peak: 253M

vm_info: Java HotSpot(TM) 64-Bit Server VM (21.0.1+12-LTS-29) for windows-amd64 JRE (21.0.1+12-LTS-29), built on 2023-10-05T13:27:09Z by "mach5one" with MS VC++ 17.1 (VS2022)

END.
